#
# There is insufficient memory for the Java Runtime Environment to continue.
# Native memory allocation (mmap) failed to map 266338304 bytes for Failed to commit area from 0x0000000703200000 to 0x0000000713000000 of length 266338304.
# Possible reasons:
#   The system is out of physical RAM or swap space
#   The process is running with CompressedOops enabled, and the Java Heap may be blocking the growth of the native heap
# Possible solutions:
#   Reduce memory load on the system
#   Increase physical memory or swap space
#   Check if swap backing store is full
#   Decrease Java heap size (-Xmx/-Xms)
#   Decrease number of Java threads
#   Decrease Java thread stack sizes (-Xss)
#   Set larger code cache with -XX:ReservedCodeCacheSize=
# This output file may be truncated or incomplete.
#
#  Out of Memory Error (./src/hotspot/os/windows/os_windows.cpp:3619), pid=376880, tid=164568
#
# JRE version:  (11.0.13+7) (build )
# Java VM: Dynamic Code Evolution 64-Bit Server VM (11.0.13+7-b1751.19, mixed mode, sharing, tiered, compressed oops, g1 gc, windows-amd64)
# No core dump will be written. Minidumps are not enabled by default on client versions of Windows
#

---------------  S U M M A R Y ------------

Command Line: C:\Users\qfg\AppData\Local\Huawei\Sdk\toolchains\lib\Provisionsigntool.jar verify --in C:\Users\qfg\.ohos\config\auto_debug_garbage_assistant_2850086000389422904.p7b --out_bundleName D:\Garbage_assistant-main\entry\build\tmp\signDebugHap\provision_verify_result.json

Host: 11th Gen Intel(R) Core(TM) i5-1135G7 @ 2.40GHz, 8 cores, 15G,  Windows 11 , 64 bit Build 22000 (10.0.22000.434)
Time: Fri Apr 15 00:59:46 2022 中国标准时间 elapsed time: 0.013491 seconds (0d 0h 0m 0s)

---------------  T H R E A D  ---------------

Current thread (0x0000028b0203e800):  JavaThread "Unknown thread" [_thread_in_vm, id=164568, stack(0x000000de64b00000,0x000000de64c00000)]

Stack: [0x000000de64b00000,0x000000de64c00000]
Native frames: (J=compiled Java code, j=interpreted, Vv=VM code, C=native code)
V  [jvm.dll+0x61f9ca]
V  [jvm.dll+0x7a5fe0]
V  [jvm.dll+0x7a75fd]
V  [jvm.dll+0x7a7cd3]
V  [jvm.dll+0x250ce8]
V  [jvm.dll+0x61ca44]
V  [jvm.dll+0x611765]
V  [jvm.dll+0x3107fb]
V  [jvm.dll+0x31076a]
V  [jvm.dll+0x310642]
V  [jvm.dll+0x315596]
V  [jvm.dll+0x35f0a3]
V  [jvm.dll+0x35f7a6]
V  [jvm.dll+0x35f1a3]
V  [jvm.dll+0x2e9fc8]
V  [jvm.dll+0x2eb177]
V  [jvm.dll+0x782e37]
V  [jvm.dll+0x78470c]
V  [jvm.dll+0x36c649]
V  [jvm.dll+0x766a8e]
V  [jvm.dll+0x3daaa3]
V  [jvm.dll+0x3dcff1]
C  [jli.dll+0x536b]
C  [ucrtbase.dll+0x26c0c]
C  [KERNEL32.DLL+0x154e0]
C  [ntdll.dll+0x485b]


---------------  P R O C E S S  ---------------

Threads class SMR info:
_java_thread_list=0x0000028b7fc63910, length=0, elements={
}

Java Threads: ( => current thread )

Other Threads:
  0x0000028b02054000 GCTaskThread "GC Thread#0" [stack: 0x000000de64c00000,0x000000de64d00000] [id=382340]
  0x0000028b020ae800 ConcurrentGCThread "G1 Main Marker" [stack: 0x000000de64d00000,0x000000de64e00000] [id=378652]
  0x0000028b020b3000 ConcurrentGCThread "G1 Conc#0" [stack: 0x000000de64e00000,0x000000de64f00000] [id=382180]

[error occurred during error reporting (printing all threads), id 0xc0000005, EXCEPTION_ACCESS_VIOLATION (0xc0000005) at pc=0x00007ffcca9ca877]

VM state:not at safepoint (not fully initialized)

VM Mutex/Monitor currently owned by a thread:  ([mutex/lock_event])
[0x0000028b7fd3ae50] Heap_lock - owner thread: 0x0000028b0203e800

Heap address: 0x0000000703200000, size: 4046 MB, Compressed Oops mode: Non-zero based: 0x0000000703200000
Narrow klass base: 0x0000000000000000, Narrow klass shift: 0

GC Heap History (0 events):
No events

Deoptimization events (0 events):
No events

Classes redefined (0 events):
No events

Internal exceptions (0 events):
No events

Events (1 events):
Event: 0.009 Loaded shared library C:\Program Files\Huawei\DevEco Studio 3.0.0.800\jbr\bin\zip.dll


Dynamic libraries:
0x00007ff7eaa30000 - 0x00007ff7eaa3a000 	C:\Program Files\Huawei\DevEco Studio 3.0.0.800\jbr\bin\java.exe
0x00007ffd55a40000 - 0x00007ffd55c49000 	C:\WINDOWS\SYSTEM32\ntdll.dll
0x00007ffd54740000 - 0x00007ffd547fd000 	C:\WINDOWS\System32\KERNEL32.DLL
0x00007ffd53350000 - 0x00007ffd536c4000 	C:\WINDOWS\System32\KERNELBASE.dll
0x00007ffd53200000 - 0x00007ffd53311000 	C:\WINDOWS\System32\ucrtbase.dll
0x00007ffd2fd50000 - 0x00007ffd2fd69000 	C:\Program Files\Huawei\DevEco Studio 3.0.0.800\jbr\bin\jli.dll
0x00007ffd361c0000 - 0x00007ffd361d7000 	C:\Program Files\Huawei\DevEco Studio 3.0.0.800\jbr\bin\VCRUNTIME140.dll
0x00007ffd53e90000 - 0x00007ffd5403c000 	C:\WINDOWS\System32\USER32.dll
0x00007ffd53320000 - 0x00007ffd53346000 	C:\WINDOWS\System32\win32u.dll
0x00007ffd541a0000 - 0x00007ffd541c9000 	C:\WINDOWS\System32\GDI32.dll
0x00007ffd39ce0000 - 0x00007ffd39f85000 	C:\WINDOWS\WinSxS\amd64_microsoft.windows.common-controls_6595b64144ccf1df_6.0.22000.120_none_9d947278b86cc467\COMCTL32.dll
0x00007ffd52f30000 - 0x00007ffd53042000 	C:\WINDOWS\System32\gdi32full.dll
0x00007ffd54800000 - 0x00007ffd548a3000 	C:\WINDOWS\System32\msvcrt.dll
0x00007ffd53840000 - 0x00007ffd538dd000 	C:\WINDOWS\System32\msvcp_win.dll
0x00007ffd54e20000 - 0x00007ffd54e51000 	C:\WINDOWS\System32\IMM32.DLL
0x00007ffd07d50000 - 0x00007ffd07ded000 	C:\Program Files\Huawei\DevEco Studio 3.0.0.800\jbr\bin\msvcp140.dll
0x00007ffcca6d0000 - 0x00007ffccb256000 	C:\Program Files\Huawei\DevEco Studio 3.0.0.800\jbr\bin\server\jvm.dll
0x00007ffd53950000 - 0x00007ffd539fe000 	C:\WINDOWS\System32\ADVAPI32.dll
0x00007ffd546a0000 - 0x00007ffd5473e000 	C:\WINDOWS\System32\sechost.dll
0x00007ffd55720000 - 0x00007ffd55840000 	C:\WINDOWS\System32\RPCRT4.dll
0x00007ffd54a90000 - 0x00007ffd54a98000 	C:\WINDOWS\System32\PSAPI.DLL
0x00007ffd49ae0000 - 0x00007ffd49ae9000 	C:\WINDOWS\SYSTEM32\WSOCK32.dll
0x00007ffd542d0000 - 0x00007ffd5433f000 	C:\WINDOWS\System32\WS2_32.dll
0x00007ffd49370000 - 0x00007ffd493a3000 	C:\WINDOWS\SYSTEM32\WINMM.dll
0x00007ffd48380000 - 0x00007ffd4838a000 	C:\WINDOWS\SYSTEM32\VERSION.dll
0x00007ffd52120000 - 0x00007ffd52138000 	C:\WINDOWS\SYSTEM32\kernel.appcore.dll
0x00007ffd49ac0000 - 0x00007ffd49ad1000 	C:\Program Files\Huawei\DevEco Studio 3.0.0.800\jbr\bin\verify.dll
0x00007ffd503a0000 - 0x00007ffd505c1000 	C:\WINDOWS\SYSTEM32\DBGHELP.DLL
0x00007ffd3bf10000 - 0x00007ffd3bf41000 	C:\WINDOWS\SYSTEM32\dbgcore.DLL
0x00007ffd53110000 - 0x00007ffd5318f000 	C:\WINDOWS\System32\bcryptPrimitives.dll
0x00007ffd49920000 - 0x00007ffd49949000 	C:\Program Files\Huawei\DevEco Studio 3.0.0.800\jbr\bin\java.dll
0x00007ffd49990000 - 0x00007ffd4999b000 	C:\Program Files\Huawei\DevEco Studio 3.0.0.800\jbr\bin\jimage.dll
0x00007ffd49900000 - 0x00007ffd49918000 	C:\Program Files\Huawei\DevEco Studio 3.0.0.800\jbr\bin\zip.dll

dbghelp: loaded successfully - version: 4.0.5 - missing functions: none
symbol engine: initialized successfully - sym options: 0x614 - pdb path: .;C:\Program Files\Huawei\DevEco Studio 3.0.0.800\jbr\bin;C:\WINDOWS\SYSTEM32;C:\WINDOWS\WinSxS\amd64_microsoft.windows.common-controls_6595b64144ccf1df_6.0.22000.120_none_9d947278b86cc467;C:\Program Files\Huawei\DevEco Studio 3.0.0.800\jbr\bin\server

VM Arguments:
java_command: C:\Users\qfg\AppData\Local\Huawei\Sdk\toolchains\lib\Provisionsigntool.jar verify --in C:\Users\qfg\.ohos\config\auto_debug_garbage_assistant_2850086000389422904.p7b --out_bundleName D:\Garbage_assistant-main\entry\build\tmp\signDebugHap\provision_verify_result.json
java_class_path (initial): C:\Users\qfg\AppData\Local\Huawei\Sdk\toolchains\lib\Provisionsigntool.jar
Launcher Type: SUN_STANDARD

[Global flags]
     intx CICompilerCount                          = 4                                         {product} {ergonomic}
     uint ConcGCThreads                            = 2                                         {product} {ergonomic}
     uint G1ConcRefinementThreads                  = 8                                         {product} {ergonomic}
   size_t G1HeapRegionSize                         = 1048576                                   {product} {ergonomic}
    uintx GCDrainStackTargetSize                   = 64                                        {product} {ergonomic}
   size_t InitialHeapSize                          = 266338304                                 {product} {ergonomic}
   size_t MarkStackSize                            = 4194304                                   {product} {ergonomic}
   size_t MaxHeapSize                              = 4242538496                                {product} {ergonomic}
   size_t MinHeapDeltaBytes                        = 1048576                                   {product} {ergonomic}
    uintx NonNMethodCodeHeapSize                   = 5836300                                {pd product} {ergonomic}
    uintx NonProfiledCodeHeapSize                  = 122910970                              {pd product} {ergonomic}
    uintx ProfiledCodeHeapSize                     = 122910970                              {pd product} {ergonomic}
    uintx ReservedCodeCacheSize                    = 251658240                              {pd product} {ergonomic}
     bool SegmentedCodeCache                       = true                                      {product} {ergonomic}
     bool UseCompressedClassPointers               = true                                 {lp64_product} {ergonomic}
     bool UseCompressedOops                        = true                                 {lp64_product} {ergonomic}
     bool UseG1GC                                  = true                                      {product} {ergonomic}
     bool UseLargePagesIndividualAllocation        = false                                  {pd product} {ergonomic}

Logging:
Log output configuration:
 #0: stdout all=warning uptime,level,tags
 #1: stderr all=off uptime,level,tags

Environment Variables:
PATH=C:\Program Files (x86)\Common Files\Intel\Shared Libraries\redist\intel64\compiler;C:\Program Files\NVIDIA GPU Computing Toolkit\CUDA\v11.4\bin;C:\Program Files\NVIDIA GPU Computing Toolkit\CUDA\v11.4\libnvvp;C:\Program Files\Common Files\Oracle\Java\javapath;C:\Program Files (x86)\Common Files\Oracle\Java\javapath;C:\Windows\system32;C:\Windows;C:\Windows\System32\Wbem;C:\Windows\System32\WindowsPowerShell\v1.0\;C:\Windows\System32\OpenSSH\;C:\Program Files (x86)\NVIDIA Corporation\PhysX\Common;C:\Program Files\NVIDIA Corporation\NVIDIA NvDLISR;D:\qfg\python\Scripts;D:;D:\qfg\python;C:;Program Files\NVIDIA Corporation\Nsight Compute 2021.2.2\;C:\WINDOWS\system32;C:\WINDOWS;C:\WINDOWS\System32\Wbem;C:\WINDOWS\System32\WindowsPowerShell\v1.0\;C:\WINDOWS\System32\OpenSSH\;D:\qfg\编译器\Git\cmd;D:\qfg\python\dist;D:\User Data\tentent\v2rayN;D:\qfg\python\Lib\site-packages;D:\Program Files\mingw-w64-v9.0.0;C:\MinGW\bin;D:\qfg\编译器\Git\cmd;D:\node.js\;C:\Users\qfg\AppData\Local\Microsoft\WindowsApps;;D:\Microsoft VS Code\Microsoft VS Code\bin;C:\Users\qfg\AppData\Roaming\npm;D:\py charm\PyCharm Community Edition 2021.3.3\bin;
USERNAME=qfg
OS=Windows_NT
PROCESSOR_IDENTIFIER=Intel64 Family 6 Model 140 Stepping 1, GenuineIntel



---------------  S Y S T E M  ---------------

OS: Windows 11 , 64 bit Build 22000 (10.0.22000.434)
OS uptime: 1 days 2:09 hours
Hyper-V role detected

CPU:total 8 (initial active 8) (4 cores per cpu, 2 threads per core) family 6 model 140 stepping 1 microcode 0x66, cmov, cx8, fxsr, mmx, sse, sse2, sse3, ssse3, sse4.1, sse4.2, popcnt, avx, avx2, aes, clmul, erms, 3dnowpref, lzcnt, ht, tsc, tscinvbit, bmi1, bmi2, adx, evex, sha, fma

Memory: 4k page, system-wide physical 16183M (602M free)
TotalPageFile size 24375M (AvailPageFile size 223M)
current process WorkingSet (physical memory assigned to process): 10M, peak: 10M
current process commit charge ("private bytes"): 60M, peak: 314M

vm_info: Dynamic Code Evolution 64-Bit Server VM (11.0.13+7-b1751.19) for windows-amd64 JRE (11.0.13+7-b1751.19), built on Nov  9 2021 11:30:13 by "" with MS VC++ 14.0 (VS2015)

END.
